{"C:\\Users\\Asus\\IP-HCK71\\Server\\app.js": {"path":"C:\\Users\\Asus\\IP-HCK71\\Server\\app.js","statementMap":{"0":{"start":{"line":1,"column":16},"end":{"line":1,"column":34}},"1":{"start":{"line":2,"column":12},"end":{"line":2,"column":21}},"2":{"start":{"line":3,"column":0},"end":{"line":3,"column":26}},"3":{"start":{"line":5,"column":13},"end":{"line":5,"column":28}},"4":{"start":{"line":6,"column":19},"end":{"line":6,"column":41}},"5":{"start":{"line":8,"column":15},"end":{"line":8,"column":40}},"6":{"start":{"line":9,"column":20},"end":{"line":9,"column":56}},"7":{"start":{"line":11,"column":0},"end":{"line":11,"column":45}},"8":{"start":{"line":12,"column":0},"end":{"line":12,"column":23}},"9":{"start":{"line":13,"column":0},"end":{"line":13,"column":15}},"10":{"start":{"line":14,"column":0},"end":{"line":14,"column":47}},"11":{"start":{"line":17,"column":0},"end":{"line":17,"column":33}},"12":{"start":{"line":19,"column":0},"end":{"line":19,"column":20}},"13":{"start":{"line":22,"column":0},"end":{"line":22,"column":20}}},"fnMap":{},"branchMap":{},"s":{"0":2,"1":2,"2":2,"3":2,"4":2,"5":2,"6":2,"7":2,"8":2,"9":2,"10":2,"11":2,"12":2,"13":2},"f":{},"b":{},"_coverageSchema":"1a1c01bbd47fc00a2c39e90264f33305004495a9","hash":"5f69caa000ba3879d143446e5c2e7be82433b704"}
,"C:\\Users\\Asus\\IP-HCK71\\Server\\controllers\\agentCtrl.js": {"path":"C:\\Users\\Asus\\IP-HCK71\\Server\\controllers\\agentCtrl.js","statementMap":{"0":{"start":{"line":1,"column":18},"end":{"line":1,"column":44}},"1":{"start":{"line":2,"column":13},"end":{"line":2,"column":33}},"2":{"start":{"line":7,"column":8},"end":{"line":57,"column":9}},"3":{"start":{"line":8,"column":51},"end":{"line":8,"column":60}},"4":{"start":{"line":9,"column":30},"end":{"line":11,"column":13}},"5":{"start":{"line":12,"column":12},"end":{"line":16,"column":13}},"6":{"start":{"line":13,"column":16},"end":{"line":15,"column":17}},"7":{"start":{"line":18,"column":12},"end":{"line":25,"column":13}},"8":{"start":{"line":19,"column":16},"end":{"line":19,"column":52}},"9":{"start":{"line":20,"column":16},"end":{"line":24,"column":17}},"10":{"start":{"line":27,"column":12},"end":{"line":34,"column":13}},"11":{"start":{"line":28,"column":33},"end":{"line":28,"column":65}},"12":{"start":{"line":29,"column":31},"end":{"line":29,"column":73}},"13":{"start":{"line":31,"column":16},"end":{"line":33,"column":17}},"14":{"start":{"line":35,"column":24},"end":{"line":35,"column":25}},"15":{"start":{"line":36,"column":29},"end":{"line":36,"column":30}},"16":{"start":{"line":37,"column":12},"end":{"line":49,"column":13}},"17":{"start":{"line":38,"column":16},"end":{"line":43,"column":17}},"18":{"start":{"line":39,"column":20},"end":{"line":39,"column":38}},"19":{"start":{"line":40,"column":20},"end":{"line":40,"column":43}},"20":{"start":{"line":42,"column":20},"end":{"line":42,"column":43}},"21":{"start":{"line":45,"column":16},"end":{"line":48,"column":17}},"22":{"start":{"line":46,"column":20},"end":{"line":46,"column":45}},"23":{"start":{"line":47,"column":20},"end":{"line":47,"column":63}},"24":{"start":{"line":52,"column":26},"end":{"line":52,"column":56}},"25":{"start":{"line":53,"column":12},"end":{"line":53,"column":39}},"26":{"start":{"line":56,"column":12},"end":{"line":56,"column":23}},"27":{"start":{"line":61,"column":8},"end":{"line":79,"column":9}},"28":{"start":{"line":62,"column":27},"end":{"line":62,"column":37}},"29":{"start":{"line":63,"column":27},"end":{"line":63,"column":51}},"30":{"start":{"line":64,"column":12},"end":{"line":64,"column":52}},"31":{"start":{"line":64,"column":25},"end":{"line":64,"column":52}},"32":{"start":{"line":66,"column":25},"end":{"line":75,"column":13}},"33":{"start":{"line":76,"column":12},"end":{"line":76,"column":38}},"34":{"start":{"line":78,"column":12},"end":{"line":78,"column":23}},"35":{"start":{"line":83,"column":8},"end":{"line":108,"column":9}},"36":{"start":{"line":84,"column":28},"end":{"line":84,"column":41}},"37":{"start":{"line":86,"column":105},"end":{"line":86,"column":113}},"38":{"start":{"line":88,"column":27},"end":{"line":88,"column":56}},"39":{"start":{"line":89,"column":12},"end":{"line":89,"column":52}},"40":{"start":{"line":89,"column":25},"end":{"line":89,"column":52}},"41":{"start":{"line":91,"column":28},"end":{"line":91,"column":133}},"42":{"start":{"line":92,"column":12},"end":{"line":103,"column":14}},"43":{"start":{"line":107,"column":12},"end":{"line":107,"column":23}},"44":{"start":{"line":112,"column":8},"end":{"line":120,"column":9}},"45":{"start":{"line":113,"column":27},"end":{"line":113,"column":62}},"46":{"start":{"line":114,"column":12},"end":{"line":114,"column":52}},"47":{"start":{"line":114,"column":25},"end":{"line":114,"column":52}},"48":{"start":{"line":115,"column":12},"end":{"line":115,"column":34}},"49":{"start":{"line":117,"column":12},"end":{"line":117,"column":84}},"50":{"start":{"line":119,"column":12},"end":{"line":119,"column":23}},"51":{"start":{"line":124,"column":8},"end":{"line":130,"column":9}},"52":{"start":{"line":125,"column":27},"end":{"line":125,"column":55}},"53":{"start":{"line":127,"column":12},"end":{"line":127,"column":40}},"54":{"start":{"line":129,"column":12},"end":{"line":129,"column":23}},"55":{"start":{"line":134,"column":0},"end":{"line":134,"column":30}}},"fnMap":{"0":{"name":"(anonymous_0)","decl":{"start":{"line":6,"column":4},"end":{"line":6,"column":5}},"loc":{"start":{"line":6,"column":42},"end":{"line":58,"column":5}},"line":6},"1":{"name":"(anonymous_1)","decl":{"start":{"line":60,"column":4},"end":{"line":60,"column":5}},"loc":{"start":{"line":60,"column":46},"end":{"line":81,"column":5}},"line":60},"2":{"name":"(anonymous_2)","decl":{"start":{"line":82,"column":4},"end":{"line":82,"column":5}},"loc":{"start":{"line":82,"column":45},"end":{"line":109,"column":5}},"line":82},"3":{"name":"(anonymous_3)","decl":{"start":{"line":111,"column":4},"end":{"line":111,"column":5}},"loc":{"start":{"line":111,"column":45},"end":{"line":121,"column":5}},"line":111},"4":{"name":"(anonymous_4)","decl":{"start":{"line":123,"column":4},"end":{"line":123,"column":5}},"loc":{"start":{"line":123,"column":42},"end":{"line":131,"column":5}},"line":123}},"branchMap":{"0":{"loc":{"start":{"line":12,"column":12},"end":{"line":16,"column":13}},"type":"if","locations":[{"start":{"line":12,"column":12},"end":{"line":16,"column":13}},{"start":{},"end":{}}],"line":12},"1":{"loc":{"start":{"line":18,"column":12},"end":{"line":25,"column":13}},"type":"if","locations":[{"start":{"line":18,"column":12},"end":{"line":25,"column":13}},{"start":{},"end":{}}],"line":18},"2":{"loc":{"start":{"line":27,"column":12},"end":{"line":34,"column":13}},"type":"if","locations":[{"start":{"line":27,"column":12},"end":{"line":34,"column":13}},{"start":{},"end":{}}],"line":27},"3":{"loc":{"start":{"line":28,"column":33},"end":{"line":28,"column":65}},"type":"cond-expr","locations":[{"start":{"line":28,"column":51},"end":{"line":28,"column":57}},{"start":{"line":28,"column":60},"end":{"line":28,"column":65}}],"line":28},"4":{"loc":{"start":{"line":29,"column":31},"end":{"line":29,"column":73}},"type":"cond-expr","locations":[{"start":{"line":29,"column":53},"end":{"line":29,"column":66}},{"start":{"line":29,"column":69},"end":{"line":29,"column":73}}],"line":29},"5":{"loc":{"start":{"line":37,"column":12},"end":{"line":49,"column":13}},"type":"if","locations":[{"start":{"line":37,"column":12},"end":{"line":49,"column":13}},{"start":{},"end":{}}],"line":37},"6":{"loc":{"start":{"line":38,"column":16},"end":{"line":43,"column":17}},"type":"if","locations":[{"start":{"line":38,"column":16},"end":{"line":43,"column":17}},{"start":{"line":41,"column":23},"end":{"line":43,"column":17}}],"line":38},"7":{"loc":{"start":{"line":45,"column":16},"end":{"line":48,"column":17}},"type":"if","locations":[{"start":{"line":45,"column":16},"end":{"line":48,"column":17}},{"start":{},"end":{}}],"line":45},"8":{"loc":{"start":{"line":64,"column":12},"end":{"line":64,"column":52}},"type":"if","locations":[{"start":{"line":64,"column":12},"end":{"line":64,"column":52}},{"start":{},"end":{}}],"line":64},"9":{"loc":{"start":{"line":89,"column":12},"end":{"line":89,"column":52}},"type":"if","locations":[{"start":{"line":89,"column":12},"end":{"line":89,"column":52}},{"start":{},"end":{}}],"line":89},"10":{"loc":{"start":{"line":114,"column":12},"end":{"line":114,"column":52}},"type":"if","locations":[{"start":{"line":114,"column":12},"end":{"line":114,"column":52}},{"start":{},"end":{}}],"line":114}},"s":{"0":2,"1":2,"2":3,"3":3,"4":3,"5":3,"6":1,"7":3,"8":0,"9":0,"10":3,"11":0,"12":0,"13":0,"14":3,"15":3,"16":3,"17":1,"18":0,"19":0,"20":1,"21":1,"22":0,"23":0,"24":3,"25":3,"26":0,"27":2,"28":2,"29":2,"30":2,"31":1,"32":1,"33":1,"34":1,"35":2,"36":2,"37":2,"38":2,"39":2,"40":1,"41":1,"42":1,"43":1,"44":2,"45":2,"46":2,"47":1,"48":1,"49":1,"50":1,"51":1,"52":1,"53":1,"54":0,"55":2},"f":{"0":3,"1":2,"2":2,"3":2,"4":1},"b":{"0":[1,2],"1":[0,3],"2":[0,3],"3":[0,0],"4":[0,0],"5":[1,2],"6":[0,1],"7":[0,1],"8":[1,1],"9":[1,1],"10":[1,1]},"_coverageSchema":"1a1c01bbd47fc00a2c39e90264f33305004495a9","hash":"96c54b63f46d4942515a5c175ea357919afb4b5f"}
,"C:\\Users\\Asus\\IP-HCK71\\Server\\controllers\\midtransCtrl.js": {"path":"C:\\Users\\Asus\\IP-HCK71\\Server\\controllers\\midtransCtrl.js","statementMap":{"0":{"start":{"line":1,"column":23},"end":{"line":1,"column":49}},"1":{"start":{"line":3,"column":0},"end":{"line":3,"column":26}},"2":{"start":{"line":8,"column":8},"end":{"line":44,"column":9}},"3":{"start":{"line":10,"column":25},"end":{"line":14,"column":14}},"4":{"start":{"line":16,"column":28},"end":{"line":16,"column":52}},"5":{"start":{"line":17,"column":27},"end":{"line":17,"column":32}},"6":{"start":{"line":19,"column":28},"end":{"line":31,"column":13}},"7":{"start":{"line":32,"column":32},"end":{"line":32,"column":71}},"8":{"start":{"line":33,"column":35},"end":{"line":33,"column":52}},"9":{"start":{"line":40,"column":12},"end":{"line":40,"column":77}},"10":{"start":{"line":42,"column":12},"end":{"line":42,"column":23}},"11":{"start":{"line":43,"column":12},"end":{"line":43,"column":31}},"12":{"start":{"line":49,"column":0},"end":{"line":49,"column":33}}},"fnMap":{"0":{"name":"(anonymous_0)","decl":{"start":{"line":7,"column":4},"end":{"line":7,"column":5}},"loc":{"start":{"line":7,"column":53},"end":{"line":45,"column":5}},"line":7}},"branchMap":{},"s":{"0":2,"1":2,"2":0,"3":0,"4":0,"5":0,"6":0,"7":0,"8":0,"9":0,"10":0,"11":0,"12":2},"f":{"0":0},"b":{},"_coverageSchema":"1a1c01bbd47fc00a2c39e90264f33305004495a9","hash":"1aaa0cc7568d7337f9bb088fbe92280f0d7691fe"}
,"C:\\Users\\Asus\\IP-HCK71\\Server\\controllers\\userCtrl.js": {"path":"C:\\Users\\Asus\\IP-HCK71\\Server\\controllers\\userCtrl.js","statementMap":{"0":{"start":{"line":1,"column":17},"end":{"line":1,"column":43}},"1":{"start":{"line":2,"column":24},"end":{"line":2,"column":52}},"2":{"start":{"line":3,"column":24},"end":{"line":3,"column":49}},"3":{"start":{"line":4,"column":14},"end":{"line":4,"column":30}},"4":{"start":{"line":5,"column":0},"end":{"line":5,"column":26}},"5":{"start":{"line":8,"column":25},"end":{"line":8,"column":55}},"6":{"start":{"line":9,"column":15},"end":{"line":9,"column":33}},"7":{"start":{"line":15,"column":4},"end":{"line":21,"column":5}},"8":{"start":{"line":16,"column":19},"end":{"line":16,"column":46}},"9":{"start":{"line":18,"column":6},"end":{"line":18,"column":63}},"10":{"start":{"line":20,"column":6},"end":{"line":20,"column":18}},"11":{"start":{"line":25,"column":4},"end":{"line":39,"column":5}},"12":{"start":{"line":26,"column":34},"end":{"line":26,"column":42}},"13":{"start":{"line":27,"column":6},"end":{"line":27,"column":48}},"14":{"start":{"line":27,"column":18},"end":{"line":27,"column":48}},"15":{"start":{"line":28,"column":6},"end":{"line":28,"column":54}},"16":{"start":{"line":28,"column":21},"end":{"line":28,"column":54}},"17":{"start":{"line":30,"column":19},"end":{"line":30,"column":59}},"18":{"start":{"line":31,"column":6},"end":{"line":31,"column":49}},"19":{"start":{"line":31,"column":17},"end":{"line":31,"column":49}},"20":{"start":{"line":33,"column":27},"end":{"line":33,"column":63}},"21":{"start":{"line":34,"column":6},"end":{"line":34,"column":56}},"22":{"start":{"line":34,"column":25},"end":{"line":34,"column":56}},"23":{"start":{"line":36,"column":6},"end":{"line":36,"column":85}},"24":{"start":{"line":38,"column":6},"end":{"line":38,"column":18}},"25":{"start":{"line":43,"column":4},"end":{"line":67,"column":5}},"26":{"start":{"line":44,"column":31},"end":{"line":44,"column":42}},"27":{"start":{"line":46,"column":21},"end":{"line":49,"column":8}},"28":{"start":{"line":51,"column":22},"end":{"line":51,"column":41}},"29":{"start":{"line":53,"column":32},"end":{"line":61,"column":8}},"30":{"start":{"line":62,"column":20},"end":{"line":62,"column":67}},"31":{"start":{"line":63,"column":6},"end":{"line":63,"column":37}},"32":{"start":{"line":66,"column":6},"end":{"line":66,"column":17}},"33":{"start":{"line":71,"column":4},"end":{"line":96,"column":5}},"34":{"start":{"line":73,"column":26},"end":{"line":73,"column":34}},"35":{"start":{"line":83,"column":24},"end":{"line":83,"column":55}},"36":{"start":{"line":84,"column":30},"end":{"line":84,"column":77}},"37":{"start":{"line":86,"column":23},"end":{"line":90,"column":8}},"38":{"start":{"line":93,"column":6},"end":{"line":93,"column":48}},"39":{"start":{"line":95,"column":6},"end":{"line":95,"column":17}},"40":{"start":{"line":99,"column":0},"end":{"line":99,"column":29}}},"fnMap":{"0":{"name":"(anonymous_0)","decl":{"start":{"line":14,"column":2},"end":{"line":14,"column":3}},"loc":{"start":{"line":14,"column":40},"end":{"line":22,"column":3}},"line":14},"1":{"name":"(anonymous_1)","decl":{"start":{"line":24,"column":2},"end":{"line":24,"column":3}},"loc":{"start":{"line":24,"column":37},"end":{"line":40,"column":3}},"line":24},"2":{"name":"(anonymous_2)","decl":{"start":{"line":42,"column":2},"end":{"line":42,"column":3}},"loc":{"start":{"line":42,"column":43},"end":{"line":68,"column":3}},"line":42},"3":{"name":"(anonymous_3)","decl":{"start":{"line":70,"column":2},"end":{"line":70,"column":3}},"loc":{"start":{"line":70,"column":46},"end":{"line":97,"column":3}},"line":70}},"branchMap":{"0":{"loc":{"start":{"line":27,"column":6},"end":{"line":27,"column":48}},"type":"if","locations":[{"start":{"line":27,"column":6},"end":{"line":27,"column":48}},{"start":{},"end":{}}],"line":27},"1":{"loc":{"start":{"line":28,"column":6},"end":{"line":28,"column":54}},"type":"if","locations":[{"start":{"line":28,"column":6},"end":{"line":28,"column":54}},{"start":{},"end":{}}],"line":28},"2":{"loc":{"start":{"line":31,"column":6},"end":{"line":31,"column":49}},"type":"if","locations":[{"start":{"line":31,"column":6},"end":{"line":31,"column":49}},{"start":{},"end":{}}],"line":31},"3":{"loc":{"start":{"line":34,"column":6},"end":{"line":34,"column":56}},"type":"if","locations":[{"start":{"line":34,"column":6},"end":{"line":34,"column":56}},{"start":{},"end":{}}],"line":34}},"s":{"0":2,"1":2,"2":2,"3":2,"4":2,"5":2,"6":2,"7":4,"8":4,"9":1,"10":3,"11":5,"12":5,"13":5,"14":1,"15":4,"16":1,"17":3,"18":3,"19":1,"20":2,"21":2,"22":1,"23":1,"24":4,"25":0,"26":0,"27":0,"28":0,"29":0,"30":0,"31":0,"32":0,"33":0,"34":0,"35":0,"36":0,"37":0,"38":0,"39":0,"40":2},"f":{"0":4,"1":5,"2":0,"3":0},"b":{"0":[1,4],"1":[1,3],"2":[1,2],"3":[1,1]},"_coverageSchema":"1a1c01bbd47fc00a2c39e90264f33305004495a9","hash":"51721e5b48a7433cbbf135f774c0867aab254685"}
,"C:\\Users\\Asus\\IP-HCK71\\Server\\helpers\\bcrypt.js": {"path":"C:\\Users\\Asus\\IP-HCK71\\Server\\helpers\\bcrypt.js","statementMap":{"0":{"start":{"line":1,"column":15},"end":{"line":1,"column":32}},"1":{"start":{"line":3,"column":21},"end":{"line":5,"column":1}},"2":{"start":{"line":4,"column":4},"end":{"line":4,"column":55}},"3":{"start":{"line":7,"column":20},"end":{"line":9,"column":1}},"4":{"start":{"line":8,"column":4},"end":{"line":8,"column":47}},"5":{"start":{"line":11,"column":0},"end":{"line":14,"column":1}}},"fnMap":{"0":{"name":"(anonymous_0)","decl":{"start":{"line":3,"column":21},"end":{"line":3,"column":22}},"loc":{"start":{"line":3,"column":31},"end":{"line":5,"column":1}},"line":3},"1":{"name":"(anonymous_1)","decl":{"start":{"line":7,"column":20},"end":{"line":7,"column":21}},"loc":{"start":{"line":7,"column":42},"end":{"line":9,"column":1}},"line":7}},"branchMap":{},"s":{"0":2,"1":2,"2":3,"3":2,"4":2,"5":2},"f":{"0":3,"1":2},"b":{},"_coverageSchema":"1a1c01bbd47fc00a2c39e90264f33305004495a9","hash":"b3c5c1cfd57d94e5ccb44188071fe567d98ebccc"}
,"C:\\Users\\Asus\\IP-HCK71\\Server\\helpers\\jwt.js": {"path":"C:\\Users\\Asus\\IP-HCK71\\Server\\helpers\\jwt.js","statementMap":{"0":{"start":{"line":1,"column":21},"end":{"line":1,"column":44}},"1":{"start":{"line":2,"column":0},"end":{"line":2,"column":26}},"2":{"start":{"line":5,"column":20},"end":{"line":9,"column":1}},"3":{"start":{"line":6,"column":4},"end":{"line":8,"column":6}},"4":{"start":{"line":11,"column":20},"end":{"line":13,"column":1}},"5":{"start":{"line":12,"column":4},"end":{"line":12,"column":61}},"6":{"start":{"line":15,"column":0},"end":{"line":18,"column":1}}},"fnMap":{"0":{"name":"(anonymous_0)","decl":{"start":{"line":5,"column":20},"end":{"line":5,"column":21}},"loc":{"start":{"line":5,"column":33},"end":{"line":9,"column":1}},"line":5},"1":{"name":"(anonymous_1)","decl":{"start":{"line":11,"column":20},"end":{"line":11,"column":21}},"loc":{"start":{"line":11,"column":31},"end":{"line":13,"column":1}},"line":11}},"branchMap":{},"s":{"0":2,"1":2,"2":2,"3":2,"4":2,"5":14,"6":2},"f":{"0":2,"1":14},"b":{},"_coverageSchema":"1a1c01bbd47fc00a2c39e90264f33305004495a9","hash":"3ada33db70f328aeb81781a2823cca9bcaf30f3d"}
,"C:\\Users\\Asus\\IP-HCK71\\Server\\helpers\\openai.js": {"path":"C:\\Users\\Asus\\IP-HCK71\\Server\\helpers\\openai.js","statementMap":{"0":{"start":{"line":1,"column":17},"end":{"line":1,"column":34}},"1":{"start":{"line":2,"column":0},"end":{"line":2,"column":26}},"2":{"start":{"line":4,"column":0},"end":{"line":26,"column":1}},"3":{"start":{"line":5,"column":19},"end":{"line":7,"column":6}},"4":{"start":{"line":8,"column":23},"end":{"line":23,"column":8}},"5":{"start":{"line":25,"column":6},"end":{"line":25,"column":51}}},"fnMap":{"0":{"name":"openAI","decl":{"start":{"line":4,"column":32},"end":{"line":4,"column":38}},"loc":{"start":{"line":4,"column":55},"end":{"line":26,"column":1}},"line":4}},"branchMap":{},"s":{"0":2,"1":2,"2":2,"3":0,"4":0,"5":0},"f":{"0":0},"b":{},"_coverageSchema":"1a1c01bbd47fc00a2c39e90264f33305004495a9","hash":"3a82e3fc30e68980df39d272023958a89c71a579"}
,"C:\\Users\\Asus\\IP-HCK71\\Server\\middlewares\\authentication.js": {"path":"C:\\Users\\Asus\\IP-HCK71\\Server\\middlewares\\authentication.js","statementMap":{"0":{"start":{"line":1,"column":17},"end":{"line":1,"column":43}},"1":{"start":{"line":2,"column":24},"end":{"line":2,"column":49}},"2":{"start":{"line":4,"column":23},"end":{"line":28,"column":1}},"3":{"start":{"line":5,"column":4},"end":{"line":27,"column":5}},"4":{"start":{"line":6,"column":34},"end":{"line":6,"column":45}},"5":{"start":{"line":8,"column":8},"end":{"line":8,"column":59}},"6":{"start":{"line":8,"column":28},"end":{"line":8,"column":59}},"7":{"start":{"line":10,"column":30},"end":{"line":10,"column":54}},"8":{"start":{"line":12,"column":8},"end":{"line":12,"column":72}},"9":{"start":{"line":12,"column":41},"end":{"line":12,"column":72}},"10":{"start":{"line":14,"column":21},"end":{"line":14,"column":39}},"11":{"start":{"line":16,"column":21},"end":{"line":16,"column":49}},"12":{"start":{"line":18,"column":8},"end":{"line":18,"column":50}},"13":{"start":{"line":18,"column":19},"end":{"line":18,"column":50}},"14":{"start":{"line":20,"column":8},"end":{"line":22,"column":9}},"15":{"start":{"line":24,"column":8},"end":{"line":24,"column":14}},"16":{"start":{"line":26,"column":8},"end":{"line":26,"column":19}},"17":{"start":{"line":30,"column":0},"end":{"line":30,"column":35}}},"fnMap":{"0":{"name":"(anonymous_0)","decl":{"start":{"line":4,"column":23},"end":{"line":4,"column":24}},"loc":{"start":{"line":4,"column":49},"end":{"line":28,"column":1}},"line":4}},"branchMap":{"0":{"loc":{"start":{"line":8,"column":8},"end":{"line":8,"column":59}},"type":"if","locations":[{"start":{"line":8,"column":8},"end":{"line":8,"column":59}},{"start":{},"end":{}}],"line":8},"1":{"loc":{"start":{"line":12,"column":8},"end":{"line":12,"column":72}},"type":"if","locations":[{"start":{"line":12,"column":8},"end":{"line":12,"column":72}},{"start":{},"end":{}}],"line":12},"2":{"loc":{"start":{"line":12,"column":12},"end":{"line":12,"column":39}},"type":"binary-expr","locations":[{"start":{"line":12,"column":12},"end":{"line":12,"column":29}},{"start":{"line":12,"column":33},"end":{"line":12,"column":39}}],"line":12},"3":{"loc":{"start":{"line":18,"column":8},"end":{"line":18,"column":50}},"type":"if","locations":[{"start":{"line":18,"column":8},"end":{"line":18,"column":50}},{"start":{},"end":{}}],"line":18}},"s":{"0":2,"1":2,"2":2,"3":18,"4":18,"5":18,"6":3,"7":15,"8":15,"9":1,"10":14,"11":10,"12":10,"13":0,"14":10,"15":10,"16":8,"17":2},"f":{"0":18},"b":{"0":[3,15],"1":[1,14],"2":[15,15],"3":[0,10]},"_coverageSchema":"1a1c01bbd47fc00a2c39e90264f33305004495a9","hash":"aad3d873f7ea09484a35e653c963facf2475d968"}
,"C:\\Users\\Asus\\IP-HCK71\\Server\\middlewares\\authorization.js": {"path":"C:\\Users\\Asus\\IP-HCK71\\Server\\middlewares\\authorization.js","statementMap":{"0":{"start":{"line":1,"column":18},"end":{"line":11,"column":1}},"1":{"start":{"line":2,"column":4},"end":{"line":10,"column":5}},"2":{"start":{"line":3,"column":8},"end":{"line":7,"column":9}},"3":{"start":{"line":4,"column":12},"end":{"line":4,"column":18}},"4":{"start":{"line":6,"column":12},"end":{"line":6,"column":39}},"5":{"start":{"line":9,"column":8},"end":{"line":9,"column":19}},"6":{"start":{"line":13,"column":0},"end":{"line":15,"column":1}}},"fnMap":{"0":{"name":"(anonymous_0)","decl":{"start":{"line":1,"column":18},"end":{"line":1,"column":19}},"loc":{"start":{"line":1,"column":38},"end":{"line":11,"column":1}},"line":1}},"branchMap":{"0":{"loc":{"start":{"line":3,"column":8},"end":{"line":7,"column":9}},"type":"if","locations":[{"start":{"line":3,"column":8},"end":{"line":7,"column":9}},{"start":{"line":5,"column":15},"end":{"line":7,"column":9}}],"line":3}},"s":{"0":2,"1":5,"2":5,"3":5,"4":0,"5":0,"6":2},"f":{"0":5},"b":{"0":[5,0]},"_coverageSchema":"1a1c01bbd47fc00a2c39e90264f33305004495a9","hash":"00ca089cc2ba26afede3569bd4db33be40b893a5"}
,"C:\\Users\\Asus\\IP-HCK71\\Server\\middlewares\\errHandlers.js": {"path":"C:\\Users\\Asus\\IP-HCK71\\Server\\middlewares\\errHandlers.js","statementMap":{"0":{"start":{"line":1,"column":21},"end":{"line":36,"column":1}},"1":{"start":{"line":2,"column":4},"end":{"line":35,"column":5}},"2":{"start":{"line":5,"column":12},"end":{"line":5,"column":66}},"3":{"start":{"line":6,"column":12},"end":{"line":6,"column":18}},"4":{"start":{"line":8,"column":12},"end":{"line":8,"column":56}},"5":{"start":{"line":10,"column":12},"end":{"line":10,"column":68}},"6":{"start":{"line":11,"column":12},"end":{"line":11,"column":18}},"7":{"start":{"line":13,"column":13},"end":{"line":13,"column":72}},"8":{"start":{"line":14,"column":12},"end":{"line":14,"column":18}},"9":{"start":{"line":16,"column":12},"end":{"line":16,"column":72}},"10":{"start":{"line":17,"column":12},"end":{"line":17,"column":18}},"11":{"start":{"line":19,"column":12},"end":{"line":19,"column":60}},"12":{"start":{"line":20,"column":12},"end":{"line":20,"column":18}},"13":{"start":{"line":23,"column":12},"end":{"line":23,"column":60}},"14":{"start":{"line":24,"column":12},"end":{"line":24,"column":18}},"15":{"start":{"line":26,"column":12},"end":{"line":26,"column":63}},"16":{"start":{"line":27,"column":12},"end":{"line":27,"column":18}},"17":{"start":{"line":29,"column":12},"end":{"line":29,"column":61}},"18":{"start":{"line":30,"column":12},"end":{"line":30,"column":18}},"19":{"start":{"line":33,"column":12},"end":{"line":33,"column":68}},"20":{"start":{"line":34,"column":12},"end":{"line":34,"column":18}},"21":{"start":{"line":38,"column":0},"end":{"line":38,"column":29}}},"fnMap":{"0":{"name":"(anonymous_0)","decl":{"start":{"line":1,"column":21},"end":{"line":1,"column":22}},"loc":{"start":{"line":1,"column":43},"end":{"line":36,"column":1}},"line":1}},"branchMap":{"0":{"loc":{"start":{"line":2,"column":4},"end":{"line":35,"column":5}},"type":"switch","locations":[{"start":{"line":3,"column":8},"end":{"line":3,"column":40}},{"start":{"line":4,"column":8},"end":{"line":6,"column":18}},{"start":{"line":7,"column":8},"end":{"line":8,"column":56}},{"start":{"line":9,"column":8},"end":{"line":11,"column":18}},{"start":{"line":12,"column":8},"end":{"line":14,"column":18}},{"start":{"line":15,"column":8},"end":{"line":17,"column":18}},{"start":{"line":18,"column":8},"end":{"line":20,"column":18}},{"start":{"line":21,"column":8},"end":{"line":21,"column":28}},{"start":{"line":22,"column":8},"end":{"line":24,"column":18}},{"start":{"line":25,"column":8},"end":{"line":27,"column":18}},{"start":{"line":28,"column":8},"end":{"line":30,"column":18}},{"start":{"line":31,"column":12},"end":{"line":34,"column":18}}],"line":2}},"s":{"0":2,"1":18,"2":3,"3":3,"4":0,"5":1,"6":1,"7":1,"8":1,"9":2,"10":2,"11":4,"12":4,"13":4,"14":4,"15":0,"16":0,"17":3,"18":3,"19":0,"20":0,"21":2},"f":{"0":18},"b":{"0":[3,3,0,1,1,2,4,0,4,0,3,0]},"_coverageSchema":"1a1c01bbd47fc00a2c39e90264f33305004495a9","hash":"f6353a4d077edfad1c24e67b4c041e7b2d6964da"}
,"C:\\Users\\Asus\\IP-HCK71\\Server\\models\\agent.js": {"path":"C:\\Users\\Asus\\IP-HCK71\\Server\\models\\agent.js","statementMap":{"0":{"start":{"line":4,"column":4},"end":{"line":4,"column":24}},"1":{"start":{"line":5,"column":0},"end":{"line":29,"column":2}},"2":{"start":{"line":16,"column":2},"end":{"line":27,"column":5}},"3":{"start":{"line":28,"column":2},"end":{"line":28,"column":15}}},"fnMap":{"0":{"name":"(anonymous_0)","decl":{"start":{"line":5,"column":17},"end":{"line":5,"column":18}},"loc":{"start":{"line":5,"column":43},"end":{"line":29,"column":1}},"line":5},"1":{"name":"(anonymous_1)","decl":{"start":{"line":12,"column":4},"end":{"line":12,"column":5}},"loc":{"start":{"line":12,"column":29},"end":{"line":14,"column":5}},"line":12}},"branchMap":{},"s":{"0":2,"1":2,"2":2,"3":2},"f":{"0":2,"1":2},"b":{},"_coverageSchema":"1a1c01bbd47fc00a2c39e90264f33305004495a9","hash":"c1adae30fdecfb9f44385abce59ff1dae4d50c91"}
,"C:\\Users\\Asus\\IP-HCK71\\Server\\models\\hero.js": {"path":"C:\\Users\\Asus\\IP-HCK71\\Server\\models\\hero.js","statementMap":{"0":{"start":{"line":4,"column":4},"end":{"line":4,"column":24}},"1":{"start":{"line":5,"column":0},"end":{"line":26,"column":2}},"2":{"start":{"line":16,"column":2},"end":{"line":24,"column":5}},"3":{"start":{"line":25,"column":2},"end":{"line":25,"column":14}}},"fnMap":{"0":{"name":"(anonymous_0)","decl":{"start":{"line":5,"column":17},"end":{"line":5,"column":18}},"loc":{"start":{"line":5,"column":43},"end":{"line":26,"column":1}},"line":5},"1":{"name":"(anonymous_1)","decl":{"start":{"line":12,"column":4},"end":{"line":12,"column":5}},"loc":{"start":{"line":12,"column":29},"end":{"line":14,"column":5}},"line":12}},"branchMap":{},"s":{"0":2,"1":2,"2":2,"3":2},"f":{"0":2,"1":2},"b":{},"_coverageSchema":"1a1c01bbd47fc00a2c39e90264f33305004495a9","hash":"43c7768d6fb551080399277c0d06ae212d895d31"}
,"C:\\Users\\Asus\\IP-HCK71\\Server\\models\\index.js": {"path":"C:\\Users\\Asus\\IP-HCK71\\Server\\models\\index.js","statementMap":{"0":{"start":{"line":3,"column":11},"end":{"line":3,"column":24}},"1":{"start":{"line":4,"column":13},"end":{"line":4,"column":28}},"2":{"start":{"line":5,"column":18},"end":{"line":5,"column":38}},"3":{"start":{"line":6,"column":16},"end":{"line":6,"column":34}},"4":{"start":{"line":7,"column":17},"end":{"line":7,"column":42}},"5":{"start":{"line":8,"column":12},"end":{"line":8,"column":49}},"6":{"start":{"line":9,"column":15},"end":{"line":9,"column":65}},"7":{"start":{"line":10,"column":11},"end":{"line":10,"column":13}},"8":{"start":{"line":13,"column":0},"end":{"line":17,"column":1}},"9":{"start":{"line":14,"column":2},"end":{"line":14,"column":74}},"10":{"start":{"line":16,"column":2},"end":{"line":16,"column":87}},"11":{"start":{"line":19,"column":0},"end":{"line":32,"column":5}},"12":{"start":{"line":22,"column":4},"end":{"line":27,"column":6}},"13":{"start":{"line":30,"column":18},"end":{"line":30,"column":85}},"14":{"start":{"line":31,"column":4},"end":{"line":31,"column":27}},"15":{"start":{"line":34,"column":0},"end":{"line":38,"column":3}},"16":{"start":{"line":35,"column":2},"end":{"line":37,"column":3}},"17":{"start":{"line":36,"column":4},"end":{"line":36,"column":32}},"18":{"start":{"line":40,"column":0},"end":{"line":40,"column":25}},"19":{"start":{"line":41,"column":0},"end":{"line":41,"column":25}},"20":{"start":{"line":43,"column":0},"end":{"line":43,"column":20}}},"fnMap":{"0":{"name":"(anonymous_0)","decl":{"start":{"line":21,"column":10},"end":{"line":21,"column":11}},"loc":{"start":{"line":21,"column":18},"end":{"line":28,"column":3}},"line":21},"1":{"name":"(anonymous_1)","decl":{"start":{"line":29,"column":11},"end":{"line":29,"column":12}},"loc":{"start":{"line":29,"column":19},"end":{"line":32,"column":3}},"line":29},"2":{"name":"(anonymous_2)","decl":{"start":{"line":34,"column":24},"end":{"line":34,"column":25}},"loc":{"start":{"line":34,"column":37},"end":{"line":38,"column":1}},"line":34}},"branchMap":{"0":{"loc":{"start":{"line":8,"column":12},"end":{"line":8,"column":49}},"type":"binary-expr","locations":[{"start":{"line":8,"column":12},"end":{"line":8,"column":32}},{"start":{"line":8,"column":36},"end":{"line":8,"column":49}}],"line":8},"1":{"loc":{"start":{"line":13,"column":0},"end":{"line":17,"column":1}},"type":"if","locations":[{"start":{"line":13,"column":0},"end":{"line":17,"column":1}},{"start":{"line":15,"column":7},"end":{"line":17,"column":1}}],"line":13},"2":{"loc":{"start":{"line":23,"column":6},"end":{"line":26,"column":37}},"type":"binary-expr","locations":[{"start":{"line":23,"column":6},"end":{"line":23,"column":29}},{"start":{"line":24,"column":6},"end":{"line":24,"column":23}},{"start":{"line":25,"column":6},"end":{"line":25,"column":30}},{"start":{"line":26,"column":6},"end":{"line":26,"column":37}}],"line":23},"3":{"loc":{"start":{"line":35,"column":2},"end":{"line":37,"column":3}},"type":"if","locations":[{"start":{"line":35,"column":2},"end":{"line":37,"column":3}},{"start":{},"end":{}}],"line":35}},"s":{"0":2,"1":2,"2":2,"3":2,"4":2,"5":2,"6":2,"7":2,"8":2,"9":0,"10":2,"11":2,"12":8,"13":6,"14":6,"15":2,"16":6,"17":6,"18":2,"19":2,"20":2},"f":{"0":8,"1":6,"2":6},"b":{"0":[2,0],"1":[0,2],"2":[8,8,6,6],"3":[6,0]},"_coverageSchema":"1a1c01bbd47fc00a2c39e90264f33305004495a9","hash":"2c910754c9f8adf2c160b2577d0ba2c3d3a005e8"}
,"C:\\Users\\Asus\\IP-HCK71\\Server\\models\\user.js": {"path":"C:\\Users\\Asus\\IP-HCK71\\Server\\models\\user.js","statementMap":{"0":{"start":{"line":2,"column":22},"end":{"line":2,"column":50}},"1":{"start":{"line":6,"column":4},"end":{"line":6,"column":24}},"2":{"start":{"line":7,"column":0},"end":{"line":70,"column":2}},"3":{"start":{"line":18,"column":2},"end":{"line":65,"column":4}},"4":{"start":{"line":66,"column":2},"end":{"line":68,"column":4}},"5":{"start":{"line":67,"column":4},"end":{"line":67,"column":47}},"6":{"start":{"line":69,"column":2},"end":{"line":69,"column":14}}},"fnMap":{"0":{"name":"(anonymous_0)","decl":{"start":{"line":7,"column":17},"end":{"line":7,"column":18}},"loc":{"start":{"line":7,"column":43},"end":{"line":70,"column":1}},"line":7},"1":{"name":"(anonymous_1)","decl":{"start":{"line":14,"column":4},"end":{"line":14,"column":5}},"loc":{"start":{"line":14,"column":29},"end":{"line":16,"column":5}},"line":14},"2":{"name":"(anonymous_2)","decl":{"start":{"line":66,"column":20},"end":{"line":66,"column":21}},"loc":{"start":{"line":66,"column":29},"end":{"line":68,"column":3}},"line":66}},"branchMap":{},"s":{"0":2,"1":2,"2":2,"3":2,"4":2,"5":1,"6":2},"f":{"0":2,"1":2,"2":1},"b":{},"_coverageSchema":"1a1c01bbd47fc00a2c39e90264f33305004495a9","hash":"24dba1561dd491f374509b25b7b998d923bd8ed4"}
,"C:\\Users\\Asus\\IP-HCK71\\Server\\router\\index.js": {"path":"C:\\Users\\Asus\\IP-HCK71\\Server\\router\\index.js","statementMap":{"0":{"start":{"line":1,"column":16},"end":{"line":1,"column":34}},"1":{"start":{"line":2,"column":19},"end":{"line":2,"column":53}},"2":{"start":{"line":3,"column":20},"end":{"line":3,"column":55}},"3":{"start":{"line":4,"column":23},"end":{"line":4,"column":61}},"4":{"start":{"line":6,"column":15},"end":{"line":6,"column":43}},"5":{"start":{"line":8,"column":25},"end":{"line":8,"column":65}},"6":{"start":{"line":9,"column":20},"end":{"line":9,"column":59}},"7":{"start":{"line":10,"column":15},"end":{"line":10,"column":31}},"8":{"start":{"line":13,"column":0},"end":{"line":13,"column":43}},"9":{"start":{"line":14,"column":0},"end":{"line":14,"column":36}},"10":{"start":{"line":15,"column":0},"end":{"line":15,"column":50}},"11":{"start":{"line":16,"column":0},"end":{"line":16,"column":26}},"12":{"start":{"line":18,"column":4},"end":{"line":26,"column":6}},"13":{"start":{"line":21,"column":12},"end":{"line":21,"column":20}},"14":{"start":{"line":23,"column":29},"end":{"line":23,"column":56}},"15":{"start":{"line":25,"column":8},"end":{"line":25,"column":32}},"16":{"start":{"line":29,"column":0},"end":{"line":29,"column":58}},"17":{"start":{"line":30,"column":0},"end":{"line":30,"column":74}},"18":{"start":{"line":32,"column":0},"end":{"line":32,"column":41}},"19":{"start":{"line":33,"column":0},"end":{"line":33,"column":48}},"20":{"start":{"line":34,"column":0},"end":{"line":34,"column":52}},"21":{"start":{"line":36,"column":0},"end":{"line":36,"column":58}},"22":{"start":{"line":37,"column":0},"end":{"line":37,"column":61}},"23":{"start":{"line":39,"column":0},"end":{"line":39,"column":23}}},"fnMap":{"0":{"name":"(anonymous_0)","decl":{"start":{"line":18,"column":27},"end":{"line":18,"column":28}},"loc":{"start":{"line":18,"column":44},"end":{"line":26,"column":5}},"line":18}},"branchMap":{},"s":{"0":2,"1":2,"2":2,"3":2,"4":2,"5":2,"6":2,"7":2,"8":2,"9":2,"10":2,"11":2,"12":2,"13":0,"14":0,"15":0,"16":2,"17":2,"18":2,"19":2,"20":2,"21":2,"22":2,"23":2},"f":{"0":0},"b":{},"_coverageSchema":"1a1c01bbd47fc00a2c39e90264f33305004495a9","hash":"2087811c53311936d32cb8065a7b25b8565e06b3"}
}
