TN:
SF:app.js
FNF:0
FNH:0
DA:1,2
DA:2,2
DA:3,2
DA:5,2
DA:6,2
DA:8,2
DA:9,2
DA:11,2
DA:12,2
DA:13,2
DA:14,2
DA:17,2
DA:19,2
DA:22,2
LF:14
LH:14
BRF:0
BRH:0
end_of_record
TN:
SF:controllers\agentCtrl.js
FN:6,(anonymous_0)
FN:60,(anonymous_1)
FN:82,(anonymous_2)
FN:111,(anonymous_3)
FN:123,(anonymous_4)
FNF:5
FNH:5
FNDA:3,(anonymous_0)
FNDA:2,(anonymous_1)
FNDA:2,(anonymous_2)
FNDA:2,(anonymous_3)
FNDA:1,(anonymous_4)
DA:1,2
DA:2,2
DA:7,3
DA:8,3
DA:9,3
DA:12,3
DA:13,1
DA:18,3
DA:19,0
DA:20,0
DA:27,3
DA:28,0
DA:29,0
DA:31,0
DA:35,3
DA:36,3
DA:37,3
DA:38,1
DA:39,0
DA:40,0
DA:42,1
DA:45,1
DA:46,0
DA:47,0
DA:52,3
DA:53,3
DA:56,0
DA:61,2
DA:62,2
DA:63,2
DA:64,2
DA:66,1
DA:76,1
DA:78,1
DA:83,2
DA:84,2
DA:86,2
DA:88,2
DA:89,2
DA:91,1
DA:92,1
DA:107,1
DA:112,2
DA:113,2
DA:114,2
DA:115,1
DA:117,1
DA:119,1
DA:124,1
DA:125,1
DA:127,1
DA:129,0
DA:134,2
LF:53
LH:42
BRDA:12,0,0,1
BRDA:12,0,1,2
BRDA:18,1,0,0
BRDA:18,1,1,3
BRDA:27,2,0,0
BRDA:27,2,1,3
BRDA:28,3,0,0
BRDA:28,3,1,0
BRDA:29,4,0,0
BRDA:29,4,1,0
BRDA:37,5,0,1
BRDA:37,5,1,2
BRDA:38,6,0,0
BRDA:38,6,1,1
BRDA:45,7,0,0
BRDA:45,7,1,1
BRDA:64,8,0,1
BRDA:64,8,1,1
BRDA:89,9,0,1
BRDA:89,9,1,1
BRDA:114,10,0,1
BRDA:114,10,1,1
BRF:22
BRH:14
end_of_record
TN:
SF:controllers\midtransCtrl.js
FN:7,(anonymous_0)
FNF:1
FNH:0
FNDA:0,(anonymous_0)
DA:1,2
DA:3,2
DA:8,0
DA:10,0
DA:16,0
DA:17,0
DA:19,0
DA:32,0
DA:33,0
DA:40,0
DA:42,0
DA:43,0
DA:49,2
LF:13
LH:3
BRF:0
BRH:0
end_of_record
TN:
SF:controllers\userCtrl.js
FN:14,(anonymous_0)
FN:24,(anonymous_1)
FN:42,(anonymous_2)
FN:70,(anonymous_3)
FNF:4
FNH:2
FNDA:4,(anonymous_0)
FNDA:5,(anonymous_1)
FNDA:0,(anonymous_2)
FNDA:0,(anonymous_3)
DA:1,2
DA:2,2
DA:3,2
DA:4,2
DA:5,2
DA:8,2
DA:9,2
DA:15,4
DA:16,4
DA:18,1
DA:20,3
DA:25,5
DA:26,5
DA:27,5
DA:28,4
DA:30,3
DA:31,3
DA:33,2
DA:34,2
DA:36,1
DA:38,4
DA:43,0
DA:44,0
DA:46,0
DA:51,0
DA:53,0
DA:62,0
DA:63,0
DA:66,0
DA:71,0
DA:73,0
DA:83,0
DA:84,0
DA:86,0
DA:93,0
DA:95,0
DA:99,2
LF:37
LH:22
BRDA:27,0,0,1
BRDA:27,0,1,4
BRDA:28,1,0,1
BRDA:28,1,1,3
BRDA:31,2,0,1
BRDA:31,2,1,2
BRDA:34,3,0,1
BRDA:34,3,1,1
BRF:8
BRH:8
end_of_record
TN:
SF:helpers\bcrypt.js
FN:3,(anonymous_0)
FN:7,(anonymous_1)
FNF:2
FNH:2
FNDA:3,(anonymous_0)
FNDA:2,(anonymous_1)
DA:1,2
DA:3,2
DA:4,3
DA:7,2
DA:8,2
DA:11,2
LF:6
LH:6
BRF:0
BRH:0
end_of_record
TN:
SF:helpers\jwt.js
FN:5,(anonymous_0)
FN:11,(anonymous_1)
FNF:2
FNH:2
FNDA:2,(anonymous_0)
FNDA:14,(anonymous_1)
DA:1,2
DA:2,2
DA:5,2
DA:6,2
DA:11,2
DA:12,14
DA:15,2
LF:7
LH:7
BRF:0
BRH:0
end_of_record
TN:
SF:helpers\openai.js
FN:4,openAI
FNF:1
FNH:0
FNDA:0,openAI
DA:1,2
DA:2,2
DA:4,2
DA:5,0
DA:8,0
DA:25,0
LF:6
LH:3
BRF:0
BRH:0
end_of_record
TN:
SF:middlewares\authentication.js
FN:4,(anonymous_0)
FNF:1
FNH:1
FNDA:18,(anonymous_0)
DA:1,2
DA:2,2
DA:4,2
DA:5,18
DA:6,18
DA:8,18
DA:10,15
DA:12,15
DA:14,14
DA:16,10
DA:18,10
DA:20,10
DA:24,10
DA:26,8
DA:30,2
LF:15
LH:15
BRDA:8,0,0,3
BRDA:8,0,1,15
BRDA:12,1,0,1
BRDA:12,1,1,14
BRDA:12,2,0,15
BRDA:12,2,1,15
BRDA:18,3,0,0
BRDA:18,3,1,10
BRF:8
BRH:7
end_of_record
TN:
SF:middlewares\authorization.js
FN:1,(anonymous_0)
FNF:1
FNH:1
FNDA:5,(anonymous_0)
DA:1,2
DA:2,5
DA:3,5
DA:4,5
DA:6,0
DA:9,0
DA:13,2
LF:7
LH:5
BRDA:3,0,0,5
BRDA:3,0,1,0
BRF:2
BRH:1
end_of_record
TN:
SF:middlewares\errHandlers.js
FN:1,(anonymous_0)
FNF:1
FNH:1
FNDA:18,(anonymous_0)
DA:1,2
DA:2,18
DA:5,3
DA:6,3
DA:8,0
DA:10,1
DA:11,1
DA:13,1
DA:14,1
DA:16,2
DA:17,2
DA:19,4
DA:20,4
DA:23,4
DA:24,4
DA:26,0
DA:27,0
DA:29,3
DA:30,3
DA:33,0
DA:34,0
DA:38,2
LF:22
LH:17
BRDA:2,0,0,3
BRDA:2,0,1,3
BRDA:2,0,2,0
BRDA:2,0,3,1
BRDA:2,0,4,1
BRDA:2,0,5,2
BRDA:2,0,6,4
BRDA:2,0,7,0
BRDA:2,0,8,4
BRDA:2,0,9,0
BRDA:2,0,10,3
BRDA:2,0,11,0
BRF:12
BRH:8
end_of_record
TN:
SF:models\agent.js
FN:5,(anonymous_0)
FN:12,(anonymous_1)
FNF:2
FNH:2
FNDA:2,(anonymous_0)
FNDA:2,(anonymous_1)
DA:4,2
DA:5,2
DA:16,2
DA:28,2
LF:4
LH:4
BRF:0
BRH:0
end_of_record
TN:
SF:models\hero.js
FN:5,(anonymous_0)
FN:12,(anonymous_1)
FNF:2
FNH:2
FNDA:2,(anonymous_0)
FNDA:2,(anonymous_1)
DA:4,2
DA:5,2
DA:16,2
DA:25,2
LF:4
LH:4
BRF:0
BRH:0
end_of_record
TN:
SF:models\index.js
FN:21,(anonymous_0)
FN:29,(anonymous_1)
FN:34,(anonymous_2)
FNF:3
FNH:3
FNDA:8,(anonymous_0)
FNDA:6,(anonymous_1)
FNDA:6,(anonymous_2)
DA:3,2
DA:4,2
DA:5,2
DA:6,2
DA:7,2
DA:8,2
DA:9,2
DA:10,2
DA:13,2
DA:14,0
DA:16,2
DA:19,2
DA:22,8
DA:30,6
DA:31,6
DA:34,2
DA:35,6
DA:36,6
DA:40,2
DA:41,2
DA:43,2
LF:21
LH:20
BRDA:8,0,0,2
BRDA:8,0,1,0
BRDA:13,1,0,0
BRDA:13,1,1,2
BRDA:23,2,0,8
BRDA:23,2,1,8
BRDA:23,2,2,6
BRDA:23,2,3,6
BRDA:35,3,0,6
BRDA:35,3,1,0
BRF:10
BRH:7
end_of_record
TN:
SF:models\user.js
FN:7,(anonymous_0)
FN:14,(anonymous_1)
FN:66,(anonymous_2)
FNF:3
FNH:3
FNDA:2,(anonymous_0)
FNDA:2,(anonymous_1)
FNDA:1,(anonymous_2)
DA:2,2
DA:6,2
DA:7,2
DA:18,2
DA:66,2
DA:67,1
DA:69,2
LF:7
LH:7
BRF:0
BRH:0
end_of_record
TN:
SF:router\index.js
FN:18,(anonymous_0)
FNF:1
FNH:0
FNDA:0,(anonymous_0)
DA:1,2
DA:2,2
DA:3,2
DA:4,2
DA:6,2
DA:8,2
DA:9,2
DA:10,2
DA:13,2
DA:14,2
DA:15,2
DA:16,2
DA:18,2
DA:21,0
DA:23,0
DA:25,0
DA:29,2
DA:30,2
DA:32,2
DA:33,2
DA:34,2
DA:36,2
DA:37,2
DA:39,2
LF:24
LH:21
BRF:0
BRH:0
end_of_record
